<?xml version="1.0" encoding="UTF-8"?>
<!-- Generated by org.testng.reporters.JUnitReportReporter -->
<testsuite skipped="0" hostname="in-suhailma-1" name="asser.Assert" tests="1" failures="0" timestamp="11 Oct 2017 05:07:14 GMT" time="16.066" errors="0">
  <testcase name="Assert" time="16.066" classname="asser.Assert"/>
</testsuite> <!-- asser.Assert -->
